1 0.110000 0.000000 0 0
11 1.060000 36.110000 51 19
21 2.580000 121.490000 157 76
31 4.800000 258.370000 341 193
41 8.990000 444.950000 554 352
51 6.390000 682.000000 870 547
61 6.050000 969.760000 1150 776
71 7.040000 1304.970000 1634 1061
81 8.130000 1697.190000 1998 1363
91 14.190000 2146.800000 2532 1650
101 18.630000 2635.890000 3065 2167
111 20.880000 3104.480000 3609 2734
121 21.260000 3720.180000 4336 3220
131 18.330000 4408.540000 4860 3885
141 26.310000 5116.240000 5908 4149
151 24.470000 5830.960000 6454 5084
161 27.250000 6591.880000 7617 5702
171 31.070000 7517.460000 8223 6592
181 36.000000 8334.080000 9166 7502
191 37.520000 9234.210000 10377 8123
201 41.290000 10249.300000 11507 8920
211 46.250000 11224.500000 12539 10011
221 49.800000 12341.450000 13820 10986
231 53.640000 13447.140000 14875 11878
241 58.110000 14635.010000 15894 12956
251 62.090000 15728.330000 17276 14283
261 68.890000 17203.590000 18843 15708
271 73.130000 18599.500000 20040 16854
281 78.250000 19969.920000 22179 17775
291 89.840000 21383.070000 23501 19168
301 93.200000 22865.390000 25294 20515
311 97.540000 24532.320000 27580 22090
321 151.980000 25946.180000 28702 23510
331 162.910000 27543.620000 30264 25401
341 123.990000 29388.990000 31834 26298
351 122.470000 31125.360000 33956 28819
361 128.030000 32816.790000 35094 29689
371 134.160000 34558.530000 37170 32360
381 142.280000 36608.410000 39211 33948
391 148.740000 38388.750000 40930 35086
401 156.950000 40422.830000 43310 36585
411 165.390000 42615.480000 46397 38422
421 172.830000 44788.110000 48527 41093
431 181.690000 46843.330000 51475 43366
441 189.410000 48949.750000 53430 45413
451 199.630000 51094.180000 55553 47440
461 208.810000 53384.310000 58037 49518
471 232.420000 55772.710000 61936 51967
481 223.600000 57771.350000 61988 53826
491 232.830000 60400.740000 64884 56371
501 242.680000 62967.560000 67464 58610
511 253.930000 65912.330000 70153 61006
521 263.490000 68460.980000 74183 62210
531 273.720000 71224.510000 77272 64109
541 284.080000 73750.460000 79314 69520
551 299.510000 76019.290000 81001 69248
561 303.230000 78960.740000 84948 74607
571 311.740000 81104.350000 86795 75903
581 327.660000 84810.560000 90365 77188
591 335.810000 87542.690000 93744 80584
601 349.560000 90992.120000 96445 84858
611 359.670000 93715.630000 100879 85739
621 372.770000 97196.820000 106524 92113
631 386.090000 100634.890000 108063 93998
641 396.140000 103265.790000 111254 94471
651 406.960000 106184.150000 112168 98452
661 420.300000 109869.550000 114647 103252
671 432.980000 113132.270000 120509 106331
681 446.350000 116308.940000 124184 109036
691 463.050000 120206.680000 126381 111422
701 479.530000 123698.820000 129852 115446
711 485.540000 126904.280000 136306 119596
721 502.220000 130667.180000 138189 121345
731 560.160000 133720.060000 142611 123423
741 529.440000 137969.660000 145846 129437
751 541.650000 141282.560000 152578 131770
761 558.850000 145870.450000 152590 137195
771 571.290000 149375.820000 160931 141786
781 584.040000 153154.540000 162922 141929
791 599.510000 156991.020000 165409 147313
801 614.570000 161043.200000 170047 153418
811 637.100000 165104.390000 175999 157899
821 651.280000 169733.630000 178496 159731
831 658.980000 172742.020000 181184 164573
841 674.660000 176895.270000 186537 165466
851 692.050000 181509.530000 191333 173068
861 709.100000 186023.220000 198574 174829
871 725.350000 190589.950000 201337 182336
881 742.920000 194648.550000 208806 185619
891 767.220000 199194.910000 210914 189736
901 778.490000 203793.620000 214655 193382
911 793.330000 208005.880000 218437 197268
921 812.580000 213567.260000 224831 202810
931 828.450000 217668.880000 230853 205119
941 843.430000 221337.710000 233734 210592
951 864.620000 226307.080000 237143 215216
961 891.150000 232276.610000 243208 219073
971 902.250000 236002.990000 250477 227147
981 918.740000 240728.850000 254756 229409
991 936.700000 246162.660000 256878 231374
