1 0.040000 0.000000 0 0
11 0.800000 36.400000 49 24
21 2.040000 122.500000 163 67
31 3.760000 257.570000 337 182
41 6.020000 447.420000 597 347
51 8.990000 679.730000 826 537
61 13.420000 980.200000 1171 781
71 23.490000 1310.850000 1569 1103
81 27.740000 1705.620000 2015 1379
91 9.840000 2138.350000 2516 1773
101 11.910000 2613.120000 3217 2061
111 14.440000 3177.170000 3572 2647
121 16.400000 3790.310000 4359 3048
131 19.880000 4342.580000 4982 3605
141 24.510000 5053.080000 5852 4429
151 24.380000 5783.910000 6760 4949
161 27.140000 6607.850000 7599 5845
171 30.350000 7460.850000 8379 6119
181 34.360000 8324.610000 9115 7387
191 37.180000 9267.680000 10876 7926
201 40.670000 10249.100000 11201 9003
211 44.890000 11253.600000 12804 10199
221 49.410000 12374.950000 13792 11276
231 53.180000 13465.010000 14816 12451
241 60.420000 14713.580000 16513 13439
251 63.390000 15971.830000 17451 14268
261 67.760000 17230.220000 18986 15533
271 73.090000 18607.800000 21405 16943
281 78.300000 19918.190000 21655 18044
291 83.820000 21420.170000 23438 19585
301 91.440000 22795.770000 25230 20909
311 103.230000 24464.370000 27874 22005
321 109.310000 25973.410000 28701 24055
331 116.450000 27719.510000 29481 24841
341 116.100000 29291.510000 32363 26458
351 121.250000 31136.580000 33664 28868
361 127.860000 32913.960000 35730 30135
371 134.080000 34634.110000 37016 30666
381 141.910000 36661.480000 39991 33397
391 149.230000 38634.260000 41263 35917
401 156.290000 40439.910000 42891 36801
411 165.880000 42468.570000 46306 36901
421 171.720000 44554.530000 47519 40153
431 180.240000 46729.660000 49755 44232
441 188.470000 48892.670000 52756 44522
451 197.710000 51440.230000 54364 46907
461 207.760000 53515.160000 56994 50139
471 214.880000 55723.860000 60365 52248
481 223.720000 58235.200000 63758 54321
491 233.430000 60717.660000 64690 56330
501 243.760000 63050.430000 68005 57796
511 252.160000 65702.870000 71235 60761
521 262.670000 68416.730000 72648 62998
531 272.320000 71014.220000 76000 66023
541 284.540000 73385.160000 77768 67862
551 299.650000 76155.840000 80933 70228
561 303.960000 78901.860000 84135 74648
571 315.140000 81507.030000 86667 76725
581 325.510000 84636.450000 89717 78005
591 336.680000 87788.560000 92793 82647
601 349.050000 90531.120000 98486 83976
611 358.980000 93826.380000 100853 88077
621 370.270000 96894.570000 101848 91682
631 382.970000 99507.620000 105779 93021
641 395.090000 103359.970000 110971 98466
651 411.620000 106547.230000 114352 99528
661 420.310000 109921.540000 118334 103831
671 437.940000 112871.520000 118139 106700
681 462.190000 116635.490000 126924 109528
691 483.320000 120313.720000 126217 113336
701 505.900000 123328.750000 131638 116889
711 497.060000 127175.570000 132612 119275
721 499.960000 130687.860000 138581 123611
731 516.710000 134611.180000 142194 126558
741 524.660000 137790.630000 145351 130796
751 587.950000 142165.040000 149224 133596
761 570.990000 145101.510000 155178 136256
771 596.170000 149480.000000 161043 140502
781 613.090000 152971.260000 162557 143809
791 612.060000 157055.450000 164913 150590
801 656.250000 161507.780000 172141 152425
811 645.560000 165364.400000 173980 157255
821 651.230000 169017.990000 180415 159151
831 665.910000 173409.100000 180524 162879
841 675.780000 177143.170000 189213 167742
851 689.640000 181606.690000 190720 173250
861 708.310000 186327.350000 195960 177335
871 723.130000 190203.440000 200066 180605
881 772.620000 194883.800000 206327 185390
891 773.440000 199748.410000 210827 189354
901 776.720000 204277.410000 212956 194481
911 852.060000 208325.360000 219820 196920
921 819.090000 212992.130000 225397 201160
931 842.920000 217493.970000 231032 208707
941 850.800000 222317.240000 233679 209193
951 869.730000 227338.350000 237652 214475
961 904.320000 232097.990000 244463 222127
971 901.750000 235830.400000 245965 222573
981 921.740000 240956.950000 251127 228235
991 940.960000 246254.370000 261385 231745
